(camera-one)       9e8fab30-0aa8-4998-ba65-ecf7c7167eeb: 80 28 f1 00 0a 00 3c                   "<IAmCamera{}>"
(camera-one)       9e8fab30-0aa8-4998-ba65-ecf7c7167eeb: 40 00 00 00 0a                         "<WantHeartbeat{deciseconds: 10}>"
(camera-two)       a6a02a9b-5116-4761-b463-fccd3213c79e: 80 28 f1 02 c7 00 3c                   "<IAmCamera{}>"
(camera-two)       a6a02a9b-5116-4761-b463-fccd3213c79e: 40 00 00 00 05                         "<WantHeartbeat{deciseconds: 5}>"
(dispatcher-one)   c271376c-af2a-433c-8933-65b5f02e422a: 81 01                                  incomplete
(dispatcher-one)   c271376c-af2a-433c-8933-65b5f02e422a: 28 f1                                  "<IAmDispatcher{roads:[]}>"
(camera-three)     ee0fe7bc-9a83-4c11-b3a8-17e99ff48b80: 80 fb 3d 00 0a 00 3c                   "<IAmCamera{}>"
(camera-three)     ee0fe7bc-9a83-4c11-b3a8-17e99ff48b80: 40 00 00 00 0a                         "<WantHeartbeat{deciseconds: 10}>"
(camera-four)      fc49e6d5-92a8-47a2-968f-c425493c5d70: 80 fb 3d 03 e3 00 3c                   "<IAmCamera{}>"
(camera-four)      fc49e6d5-92a8-47a2-968f-c425493c5d70: 40 00 00 00 0a                         "<WantHeartbeat{deciseconds: 10}>"
(dispatcher-two)   51f94cdb-f156-4848-a74d-e3c70f24dd82: 81 01                                  incomplete
(dispatcher-two)   51f94cdb-f156-4848-a74d-e3c70f24dd82: fb 3d                                  "<IAmDispatcher{roads:[]}>"
(camera-five)      5732a74d-3919-4afd-a078-52894552678a: 80 f5 81 00 0a 00 3c                   "<IAmCamera{}>"
(camera-five)      5732a74d-3919-4afd-a078-52894552678a: 40 00 00 00 0a                         "<WantHeartbeat{deciseconds: 10}>"
(camera-six)       3720ff1a-1b45-428b-9c03-150c9fb556f1: 80 f5 81 04 12 00 3c                   "<IAmCamera{}>"
(camera-six)       3720ff1a-1b45-428b-9c03-150c9fb556f1: 40 00 00 00 0f                         "<WantHeartbeat{deciseconds: 15}>"
(dispatcher-three) 400a6e15-e8be-47d3-8ecb-b190fa5f4298: 81 01                                  incomplete
(dispatcher-three) 400a6e15-e8be-47d3-8ecb-b190fa5f4298: f5 81                                  "<IAmDispatcher{roads:[]}>"
(camera-seven)     96fa180d-b637-45a2-9391-9b0ad2d335d9: 80 6e 7a 00 0a 00 3c                   "<IAmCamera{}>"
(camera-seven)     96fa180d-b637-45a2-9391-9b0ad2d335d9: 40 00 00 00 0a                         "<WantHeartbeat{deciseconds: 10}>"
(camera-eight)     09828bbc-1391-4211-8bd4-ccb834aeb38f: 80 6e 7a 04 42 00 3c                   "<IAmCamera{}>"
(camera-eight)     09828bbc-1391-4211-8bd4-ccb834aeb38f: 40 00 00 00 14                         "<WantHeartbeat{deciseconds: 20}>"
(dispatcher-four)  7f528148-cf05-44f3-9674-402aef07b5d0: 81 01                                  incomplete
(dispatcher-four)  7f528148-cf05-44f3-9674-402aef07b5d0: 6e 7a                                  "<IAmDispatcher{roads:[]}>"
(camera-nine)      9c93a95c-ad35-4273-b335-b0724b25f5a1: 80 ca 6d 00 0a 00 3c                   "<IAmCamera{}>"
(camera-nine)      9c93a95c-ad35-4273-b335-b0724b25f5a1: 40 00 00 00 0a                         "<WantHeartbeat{deciseconds: 10}>"
(camera-ten)       9eba6a8e-5edc-49d2-921c-868d01710258: 80 ca 6d 04 4a 00 3c                   "<IAmCamera{}>"
(camera-ten)       9eba6a8e-5edc-49d2-921c-868d01710258: 40 00 00 00 19                         "<WantHeartbeat{deciseconds: 25}>"
(camera-eight)     09828bbc-1391-4211-8bd4-ccb834aeb38f: 20 07 57 51 39 30 4e 4c 58 03 a1 9b 8f "<Plate{plate: '', timestamp: }>"
(camera-one)       9e8fab30-0aa8-4998-ba65-ecf7c7167eeb: 20 07 4d 54 30 33 4e 46 58 03 a0 69 5b "<Plate{plate: '', timestamp: }>"
(camera-four)      fc49e6d5-92a8-47a2-968f-c425493c5d70: 20 07 45 58 30 34 47 50 46 03 a1 b4 57 "<Plate{plate: '', timestamp: }>"
(camera-nine)      9c93a95c-ad35-4273-b335-b0724b25f5a1: 20 07 4c 48 37 35 4d 4d 4e 03 a0 69 cb "<Plate{plate: '', timestamp: }>"
(camera-six)       3720ff1a-1b45-428b-9c03-150c9fb556f1: 20 07 58 54 32 32 59 4c 4b 03 a1 7e 6e "<Plate{plate: '', timestamp: }>"
(camera-two)       a6a02a9b-5116-4761-b463-fccd3213c79e: 20 07 4d 54 30 33 4e 46 58 03 a0 cd 3e "<Plate{plate: '', timestamp: }>"
(camera-three)     ee0fe7bc-9a83-4c11-b3a8-17e99ff48b80: 20 07 56 46 33 32 4d 4d 42 03 a1 0f cd "<Plate{plate: '', timestamp: }>"
(camera-seven)     96fa180d-b637-45a2-9391-9b0ad2d335d9: 20 07 43 44 32 30 46 48 46 03 a0 69 71 "<Plate{plate: '', timestamp: }>"
(camera-five)      5732a74d-3919-4afd-a078-52894552678a: 20 07 4e 42 33 38 51 43 50 03 a1 17 30 "<Plate{plate: '', timestamp: }>"
(dispatcher-five)  fdfd02c2-a6f8-48c9-98c1-89446b9a5420: 81 01                                  incomplete
(camera-ten)       9eba6a8e-5edc-49d2-921c-868d01710258: 20 07 48 48 33 38 53 59 51 03 a0 69 5f "<Plate{plate: '', timestamp: }>"
                                                         20 07 4d 57 39 36 57 45 48 03 a1 af e0 "<Plate{plate: '', timestamp: }>"
                                                         20 07 4b 57 30 38 4d 58 58 03 a0 69 82 "<Plate{plate: '', timestamp: }>"
                                                         20 07 52 57 32 35 4d 4e 53 03 a0 69 57 "<Plate{plate: '', timestamp: }>"
                                                         20 07 4c 48 37 35 4d 4d 4e 03 a1 34 69 "<Plate{plate: '', timestamp: }>"
(camera-eight)     09828bbc-1391-4211-8bd4-ccb834aeb38f: 20 07 4c 44 33 33 44 4b 52 03 a1 29 25 "<Plate{plate: '', timestamp: }>"
                                                         20 07 43 44 32 30 46 48 46 03 a1 0c 8d "<Plate{plate: '', timestamp: }>"
                                                         20 07 55 4b 39 36 4c 42 45 03 a0 69 57 "<Plate{plate: '', timestamp: }>"
                                                         20 07 4e 50 38 35 42 48 43 03 a0 69 6e "<Plate{plate: '', timestamp: }>"
(dispatcher-five)  fdfd02c2-a6f8-48c9-98c1-89446b9a5420: ca 6d                                  "<IAmDispatcher{roads:[]}>"
(camera-one)       9e8fab30-0aa8-4998-ba65-ecf7c7167eeb: 20 07 46 4d 36 30 55 43 42 03 a0 cd 21 "<Plate{plate: '', timestamp: }>"
                                                         20 07 41 54 30 31 4b 4c 4d 03 a1 01 8e "<Plate{plate: '', timestamp: }>"
                                                         20 07 44 58 36 30 46 58 55 03 a1 0d d1 "<Plate{plate: '', timestamp: }>"
                                                         20 07 4b 42 36 30 53 4e 55 03 a0 cb eb "<Plate{plate: '', timestamp: }>"
>>> 21 07 4d 54 30 33 4e 46 58 28 f1 00 0a 03 a0 69 5b 02 c7 03 a0 cd 3e 26 48
(camera-four)      fc49e6d5-92a8-47a2-968f-c425493c5d70: 20 07 56 46 33 32 4d 4d 42 03 a0 69 9e "<Plate{plate: '', timestamp: }>"
                                                         20 07 4d 58 38 32 47 47 56 03 a0 69 57 "<Plate{plate: '', timestamp: }>"
                                                         20 07 45 57 35 33 59 46 43 03 a1 48 1b "<Plate{plate: '', timestamp: }>"
                                                         20 07 41 42 33 35 46 58 44 03 a0 6b 34 "<Plate{plate: '', timestamp: }>"
(camera-six)       3720ff1a-1b45-428b-9c03-150c9fb556f1: 20 07 4e 58 36 31 51 53 48 03 a1 6d a3 "<Plate{plate: '', timestamp: }>"
                                                         20 07 51 50 39 34 4d 4e 45 03 a1 29 17 "<Plate{plate: '', timestamp: }>"
                                                         20 07 4e 42 33 38 51 43 50 03 a0 69 9d "<Plate{plate: '', timestamp: }>"
                                                         20 07 5a 48 32 30 51 4b 53 03 a0 fa 77 "<Plate{plate: '', timestamp: }>"
(camera-seven)     96fa180d-b637-45a2-9391-9b0ad2d335d9: 20 07 4c 44 33 33 44 4b 52 03 a0 69 b4 "<Plate{plate: '', timestamp: }>"
                                                         20 07 55 4b 39 36 4c 42 45 03 a1 01 37 "<Plate{plate: '', timestamp: }>"
                                                         20 07 4e 50 38 35 42 48 43 03 a1 0b 4b "<Plate{plate: '', timestamp: }>"
                                                         20 07 57 51 39 30 4e 4c 58 03 a0 6a c1 "<Plate{plate: '', timestamp: }>"
(camera-five)      5732a74d-3919-4afd-a078-52894552678a: 20 07 5a 48 32 30 51 4b 53 03 a0 69 57 "<Plate{plate: '', timestamp: }>"
                                                         20 07 4e 58 36 31 51 53 48 03 a0 6a 71 "<Plate{plate: '', timestamp: }>"
                                                         20 07 58 54 32 32 59 4c 4b 03 a0 6a 9b "<Plate{plate: '', timestamp: }>"
                                                         20 07 51 50 39 34 4d 4e 45 03 a0 69 c9 "<Plate{plate: '', timestamp: }>"
(camera-nine)      9c93a95c-ad35-4273-b335-b0724b25f5a1: 20 07 48 48 33 38 53 59 51 03 a1 06 05 "<Plate{plate: '', timestamp: }>"
                                                         20 07 4d 57 39 36 57 45 48 03 a0 6a eb "<Plate{plate: '', timestamp: }>"
                                                         20 07 52 57 32 35 4d 4e 53 03 a1 02 57 "<Plate{plate: '', timestamp: }>"
                                                         20 07 4b 57 30 38 4d 58 58 03 a1 15 2c "<Plate{plate: '', timestamp: }>"
(camera-two)       a6a02a9b-5116-4761-b463-fccd3213c79e: 20 07 46 4d 36 30 55 43 42 03 a0 69 5b "<Plate{plate: '', timestamp: }>"
                                                         20 07 44 58 36 30 46 58 55 03 a0 6a 44 "<Plate{plate: '', timestamp: }>"
                                                         20 07 4b 42 36 30 53 4e 55 03 a0 69 57 "<Plate{plate: '', timestamp: }>"
                                                         20 07 41 54 30 31 4b 4c 4d 03 a0 6a 18 "<Plate{plate: '', timestamp: }>"
(camera-three)     ee0fe7bc-9a83-4c11-b3a8-17e99ff48b80: 20 07 45 58 30 34 47 50 46 03 a0 6b 46 "<Plate{plate: '', timestamp: }>"
                                                         20 07 4d 58 38 32 47 47 56 03 a0 f3 db "<Plate{plate: '', timestamp: }>"
                                                         20 07 41 42 33 35 46 58 44 03 a1 ad 8a "<Plate{plate: '', timestamp: }>"
                                                         20 07 45 57 35 33 59 46 43 03 a0 6a 2f "<Plate{plate: '', timestamp: }>"
>>> 41                                                                         "<Heartbeat{}>"
>>> 21 07 43 44 32 30 46 48 46 6e 7a 00 0a 03 a0 69 71 04 42 03 a1 0c 8d 24 54 "<Ticket{}>"
>>> 21 07 4c 48 37 35 4d 4d 4e ca 6d 00 0a 03 a0 69 cb 04 4a 03 a1 34 69 1d 4c "<Ticket{}>"
>>> 21 07 56 46 33 32 4d 4d 42 fb 3d 03 e3 03 a0 69 9e 00 0a 03 a1 0f cd 20 6c "<Ticket{}>"
>>> 21 07 4e 42 33 38 51 43 50 f5 81 04 12 03 a0 69 9d 00 0a 03 a1 17 30 20 6c "<Ticket{}>"
>>> 21 07 4c 44 33 33 44 4b 52 6e 7a 00 0a 03 a0 69 b4 04 42 03 a1 29 25 1e dc "<Ticket{}>"
>>> 21 07 55 4b 39 36 4c 42 45 6e 7a 04 42 03 a0 69 57 00 0a 03 a1 01 37 27 10 "<Ticket{}>"
>>> 21 07 4e 50 38 35 42 48 43 6e 7a 04 42 03 a0 69 6e 00 0a 03 a1 0b 4b 24 54 "<Ticket{}>"
>>> 21 07 5a 48 32 30 51 4b 53 f5 81 00 0a 03 a0 69 57 04 12 03 a0 fa 77 27 10 "<Ticket{}>"
>>> 21 07 51 50 39 34 4d 4e 45 f5 81 00 0a 03 a0 69 c9 04 12 03 a1 29 17 1d 4c "<Ticket{}>"
>>> 21 07 48 48 33 38 53 59 51 ca 6d 04 4a 03 a0 69 5f 00 0a 03 a1 06 05 25 e4 "<Ticket{}>"
>>> 21 07 52 57 32 35 4d 4e 53 ca 6d 04 4a 03 a0 69 57 00 0a 03 a1 02 57 27 10 "<Ticket{}>"
>>> 21 07 4b 57 30 38 4d 58 58 ca 6d 04 4a 03 a0 69 82 00 0a 03 a1 15 2c 22 c4 "<Ticket{}>"
>>> 21 07 46 4d 36 30 55 43 42 28 f1 02 c7 03 a0 69 5b 00 0a 03 a0 cd 21 26 48 "<Ticket{}>"
>>> 21 07 4b 42 36 30 53 4e 55 28 f1 02 c7 03 a0 69 57 00 0a 03 a0 cb eb 27 10 "<Ticket{}>"
>>> 21 07 41 54 30 31 4b 4c 4d 28 f1 02 c7 03 a0 6a 18 00 0a 03 a1 01 8e 19 64 "<Ticket{}>"
>>> 21 07 4d 58 38 32 47 47 56 fb 3d 03 e3 03 a0 69 57 00 0a 03 a0 f3 db 26 ac "<Ticket{}>"
>>> 21 07 45 57 35 33 59 46 43 fb 3d 00 0a 03 a0 6a 2f 03 e3 03 a1 48 1b 18 38 "<Ticket{}>"
>>> 41                                                                         "<Heartbeat{}>"
>>> 41                                                                         "<Heartbeat{}>"
>>> 41                                                                         "<Heartbeat{}>"

[4multiroads.test] NOTE:check starts
[4multiroads.test] NOTE:checking whether server handles multiple roads
[4multiroads.test] NOTE:connected to 16.170.212.114 port 8096
[4multiroads.test] NOTE:connected to 16.170.212.114 port 8096
[4multiroads.test] NOTE:connected to 16.170.212.114 port 8096
[4multiroads.test] NOTE:connected to 16.170.212.114 port 8096
[4multiroads.test] NOTE:connected to 16.170.212.114 port 8096
[4multiroads.test] NOTE:connected to 16.170.212.114 port 8096
[4multiroads.test] NOTE:connected to 16.170.212.114 port 8096
[4multiroads.test] NOTE:connected to 16.170.212.114 port 8096
[4multiroads.test] NOTE:connected to 16.170.212.114 port 8096
[4multiroads.test] NOTE:connected to 16.170.212.114 port 8096
[4multiroads.test] NOTE:connected to 16.170.212.114 port 8096
[4multiroads.test] NOTE:connected to 16.170.212.114 port 8096
[4multiroads.test] NOTE:connected to 16.170.212.114 port 8096
[4multiroads.test] NOTE:connected to 16.170.212.114 port 8096
[4multiroads.test] NOTE:connected to 16.170.212.114 port 8096
[4multiroads.test] NOTE:ticket for MT03NFX on road 10481 at 98 mph
[4multiroads.test] FAIL:server sent unexpected ticket for MT03NFX (road=10481, mm1=10, ts1=60844379, mm2=711, ts2=60869950, speed=98): expected 1 similar ticket with different speed
